<?xml version="1.0" encoding="UTF-8"?>
<!-- Generated by org.testng.reporters.JUnitXMLReporter -->
<testsuite hostname="ahmads-MacBook-Air.local" ignored="0" tests="2" failures="0" timestamp="15 Jan 2017 07:38:37 GMT" time="0.042" errors="0">
  <testcase name="@BeforeMethod setUp" time="0.0" classname="base.CommonAPI">
    <failure type="org.testng.TestNGException" message="
Parameter &amp;apos;url&amp;apos; is required by BeforeMethod on method setUp but has not been marked @Optional or defined
">
      <![CDATA[org.testng.TestNGException: 
Parameter 'url' is required by BeforeMethod on method setUp but has not been marked @Optional or defined

... Removed 33 stack frames]]>
    </failure>
  </testcase> <!-- @BeforeMethod setUp -->
  <testcase name="@AfterMethod tearDown" time="0.0" classname="base.CommonAPI">
    <skipped/>
  </testcase> <!-- @AfterMethod tearDown -->
  <testcase name="@BeforeMethod setUp" time="0.0" classname="base.CommonAPI">
    <skipped/>
  </testcase> <!-- @BeforeMethod setUp -->
  <testcase name="@AfterMethod tearDown" time="0.0" classname="base.CommonAPI">
    <skipped/>
  </testcase> <!-- @AfterMethod tearDown -->
  <testcase name="MouseHovering" time="0.005" classname="TestHomePage">
    <skipped/>
  </testcase> <!-- MouseHovering -->
  <testcase name="checkHomePage" time="0.0" classname="TestHomePage">
    <skipped/>
  </testcase> <!-- checkHomePage -->
</testsuite>
