<?xml version="1.0" encoding="UTF-8"?>
<testng-results skipped="0" failed="0" ignored="0" total="1" passed="1">
  <reporter-output>
  </reporter-output>
  <suite name="Indeed Website Test" duration-ms="25088" started-at="2017-01-25T04:56:33Z" finished-at="2017-01-25T04:56:58Z">
    <groups>
    </groups>
    <test name="Indeed Website Test" duration-ms="25088" started-at="2017-01-25T04:56:33Z" finished-at="2017-01-25T04:56:58Z">
      <class name="HomePageTest.SearchByExcel">
        <test-method status="PASS" signature="setUp(boolean, java.lang.String, java.lang.String, java.lang.String, java.lang.String, java.lang.String, java.lang.String)[pri:0, instance:HomePageTest.SearchByExcel@3cbbc1e0]" name="setUp" is-config="true" duration-ms="4859" started-at="2017-01-24T23:56:33Z" finished-at="2017-01-24T23:56:38Z">
          <params>
            <param index="0">
              <value>
                <![CDATA[false]]>
              </value>
            </param>
            <param index="1">
              <value>
                <![CDATA[akarimqa]]>
              </value>
            </param>
            <param index="2">
              <value>
                <![CDATA[49b439a6-5c05-4e33-bfa8-03342b5e5a41]]>
              </value>
            </param>
            <param index="3">
              <value>
                <![CDATA[Mac]]>
              </value>
            </param>
            <param index="4">
              <value>
                <![CDATA[chrome]]>
              </value>
            </param>
            <param index="5">
              <value>
                <![CDATA[55]]>
              </value>
            </param>
            <param index="6">
              <value>
                <![CDATA[http://www.indeed.com]]>
              </value>
            </param>
          </params>
          <reporter-output>
          </reporter-output>
        </test-method> <!-- setUp -->
        <test-method status="PASS" signature="search()[pri:0, instance:HomePageTest.SearchByExcel@3cbbc1e0]" name="search" duration-ms="20093" started-at="2017-01-24T23:56:38Z" finished-at="2017-01-24T23:56:58Z">
          <reporter-output>
          </reporter-output>
        </test-method> <!-- search -->
        <test-method status="PASS" signature="tearDown()[pri:0, instance:HomePageTest.SearchByExcel@3cbbc1e0]" name="tearDown" is-config="true" duration-ms="119" started-at="2017-01-24T23:56:58Z" finished-at="2017-01-24T23:56:58Z">
          <reporter-output>
          </reporter-output>
        </test-method> <!-- tearDown -->
      </class> <!-- HomePageTest.SearchByExcel -->
    </test> <!-- Indeed Website Test -->
  </suite> <!-- Indeed Website Test -->
</testng-results>
