<?xml version="1.0" encoding="UTF-8"?>
<!-- Generated by org.testng.reporters.JUnitXMLReporter -->
<testsuite hostname="ahmads-MacBook-Air.local" ignored="0" name="Metroplus Website Test" tests="2" failures="0" timestamp="24 Jan 2017 08:58:52 GMT" time="20.323" errors="0">
  <testcase name="testHomePageTittle" time="0.113" classname="HomePage.TestHomePage"/>
  <testcase name="IncorrectMemberLoginBlank" time="8.56" classname="HomePage.TestMemberLogin"/>
</testsuite> <!-- Metroplus Website Test -->
