<?xml version="1.0" encoding="UTF-8"?>
<testng-results skipped="0" failed="0" ignored="0" total="2" passed="2">
  <reporter-output>
  </reporter-output>
  <suite name="MetroPlus Website Test" duration-ms="20323" started-at="2017-01-24T08:58:31Z" finished-at="2017-01-24T08:58:52Z">
    <groups>
    </groups>
    <test name="Metroplus Website Test" duration-ms="20323" started-at="2017-01-24T08:58:31Z" finished-at="2017-01-24T08:58:52Z">
      <class name="HomePage.TestMemberLogin">
        <test-method status="PASS" signature="setUp(boolean, java.lang.String, java.lang.String, java.lang.String, java.lang.String, java.lang.String, java.lang.String)[pri:0, instance:HomePage.TestMemberLogin@7225790e]" name="setUp" is-config="true" duration-ms="4461" started-at="2017-01-24T03:58:38Z" finished-at="2017-01-24T03:58:43Z">
          <params>
            <param index="0">
              <value>
                <![CDATA[false]]>
              </value>
            </param>
            <param index="1">
              <value>
                <![CDATA[akarimqa]]>
              </value>
            </param>
            <param index="2">
              <value>
                <![CDATA[49b439a6-5c05-4e33-bfa8-03342b5e5a41]]>
              </value>
            </param>
            <param index="3">
              <value>
                <![CDATA[Mac]]>
              </value>
            </param>
            <param index="4">
              <value>
                <![CDATA[chrome]]>
              </value>
            </param>
            <param index="5">
              <value>
                <![CDATA[55]]>
              </value>
            </param>
            <param index="6">
              <value>
                <![CDATA[http://www.metroplus.org]]>
              </value>
            </param>
          </params>
          <reporter-output>
          </reporter-output>
        </test-method> <!-- setUp -->
        <test-method status="PASS" signature="IncorrectMemberLoginBlank()[pri:1, instance:HomePage.TestMemberLogin@7225790e]" name="IncorrectMemberLoginBlank" duration-ms="8560" started-at="2017-01-24T03:58:43Z" finished-at="2017-01-24T03:58:51Z">
          <reporter-output>
          </reporter-output>
        </test-method> <!-- IncorrectMemberLoginBlank -->
        <test-method status="PASS" signature="tearDown()[pri:0, instance:HomePage.TestMemberLogin@7225790e]" name="tearDown" is-config="true" duration-ms="107" started-at="2017-01-24T03:58:51Z" finished-at="2017-01-24T03:58:52Z">
          <reporter-output>
          </reporter-output>
        </test-method> <!-- tearDown -->
      </class> <!-- HomePage.TestMemberLogin -->
      <class name="HomePage.TestHomePage">
        <test-method status="PASS" signature="setUp(boolean, java.lang.String, java.lang.String, java.lang.String, java.lang.String, java.lang.String, java.lang.String)[pri:0, instance:HomePage.TestHomePage@35fb3008]" name="setUp" is-config="true" duration-ms="6938" started-at="2017-01-24T03:58:31Z" finished-at="2017-01-24T03:58:38Z">
          <params>
            <param index="0">
              <value>
                <![CDATA[false]]>
              </value>
            </param>
            <param index="1">
              <value>
                <![CDATA[akarimqa]]>
              </value>
            </param>
            <param index="2">
              <value>
                <![CDATA[49b439a6-5c05-4e33-bfa8-03342b5e5a41]]>
              </value>
            </param>
            <param index="3">
              <value>
                <![CDATA[Mac]]>
              </value>
            </param>
            <param index="4">
              <value>
                <![CDATA[chrome]]>
              </value>
            </param>
            <param index="5">
              <value>
                <![CDATA[55]]>
              </value>
            </param>
            <param index="6">
              <value>
                <![CDATA[http://www.metroplus.org]]>
              </value>
            </param>
          </params>
          <reporter-output>
          </reporter-output>
        </test-method> <!-- setUp -->
        <test-method status="PASS" signature="testHomePageTittle()[pri:0, instance:HomePage.TestHomePage@35fb3008]" name="testHomePageTittle" duration-ms="113" started-at="2017-01-24T03:58:38Z" finished-at="2017-01-24T03:58:38Z">
          <reporter-output>
          </reporter-output>
        </test-method> <!-- testHomePageTittle -->
        <test-method status="PASS" signature="tearDown()[pri:0, instance:HomePage.TestHomePage@35fb3008]" name="tearDown" is-config="true" duration-ms="119" started-at="2017-01-24T03:58:38Z" finished-at="2017-01-24T03:58:38Z">
          <reporter-output>
          </reporter-output>
        </test-method> <!-- tearDown -->
      </class> <!-- HomePage.TestHomePage -->
    </test> <!-- Metroplus Website Test -->
  </suite> <!-- MetroPlus Website Test -->
</testng-results>
