<?xml version="1.0" encoding="UTF-8"?>
<testng-results skipped="0" failed="1" ignored="0" total="3" passed="2">
  <reporter-output>
  </reporter-output>
  <suite name="MetroPlus Website Test" duration-ms="59262" started-at="2017-01-15T08:40:28Z" finished-at="2017-01-15T08:41:28Z">
    <groups>
    </groups>
    <test name="Metroplus Website Test" duration-ms="59262" started-at="2017-01-15T08:40:28Z" finished-at="2017-01-15T08:41:28Z">
      <class name="HomePage.TestMemberLogin">
        <test-method status="PASS" signature="setUp(java.lang.String)[pri:0, instance:HomePage.TestMemberLogin@4157f54e]" name="setUp" is-config="true" duration-ms="4922" started-at="2017-01-15T03:40:35Z" finished-at="2017-01-15T03:40:40Z">
          <params>
            <param index="0">
              <value>
                <![CDATA[http://www.metroplus.org]]>
              </value>
            </param>
          </params>
          <reporter-output>
          </reporter-output>
        </test-method> <!-- setUp -->
        <test-method status="PASS" signature="IncorrectMemberLoginBlank()[pri:1, instance:HomePage.TestMemberLogin@4157f54e]" name="IncorrectMemberLoginBlank" duration-ms="10681" started-at="2017-01-15T03:40:40Z" finished-at="2017-01-15T03:40:51Z">
          <reporter-output>
          </reporter-output>
        </test-method> <!-- IncorrectMemberLoginBlank -->
        <test-method status="PASS" signature="tearDown()[pri:0, instance:HomePage.TestMemberLogin@4157f54e]" name="tearDown" is-config="true" duration-ms="109" started-at="2017-01-15T03:40:51Z" finished-at="2017-01-15T03:40:51Z">
          <reporter-output>
          </reporter-output>
        </test-method> <!-- tearDown -->
        <test-method status="PASS" signature="setUp(java.lang.String)[pri:0, instance:HomePage.TestMemberLogin@4157f54e]" name="setUp" is-config="true" duration-ms="4684" started-at="2017-01-15T03:40:51Z" finished-at="2017-01-15T03:40:56Z">
          <params>
            <param index="0">
              <value>
                <![CDATA[http://www.metroplus.org]]>
              </value>
            </param>
          </params>
          <reporter-output>
          </reporter-output>
        </test-method> <!-- setUp -->
        <test-method status="FAIL" signature="IncorrectMemberLoginWithWrongInfo()[pri:2, instance:HomePage.TestMemberLogin@4157f54e]" name="IncorrectMemberLoginWithWrongInfo" duration-ms="31414" started-at="2017-01-15T03:40:56Z" finished-at="2017-01-15T03:41:27Z">
          <exception class="org.openqa.selenium.NoSuchElementException">
            <message>
              <![CDATA[no such element: Unable to locate element: {"method":"css selector","selector":"#credentials_table_postheader>font>font"}
  (Session info: chrome=55.0.2883.95)
  (Driver info: chromedriver=2.27.440174 (e97a722caafc2d3a8b807ee115bfb307f7d2cfd9),platform=Mac OS X 10.10.5 x86_64) (WARNING: The server did not provide any stacktrace information)
Command duration or timeout: 10.03 seconds
For documentation on this error, please visit: http://seleniumhq.org/exceptions/no_such_element.html
Build info: version: '3.0.1', revision: '1969d75', time: '2016-10-18 09:49:13 -0700'
System info: host: 'ahmads-MacBook-Air.local', ip: '192.168.0.18', os.name: 'Mac OS X', os.arch: 'x86_64', os.version: '10.10.5', java.version: '1.8.0_111'
Driver info: org.openqa.selenium.chrome.ChromeDriver
Capabilities [{applicationCacheEnabled=false, rotatable=false, mobileEmulationEnabled=false, networkConnectionEnabled=false, chrome={chromedriverVersion=2.27.440174 (e97a722caafc2d3a8b807ee115bfb307f7d2cfd9), userDataDir=/var/folders/yy/qb0fh7ls2l57jkmx4qw0mgx00000gn/T/.org.chromium.Chromium.puNjt3}, takesHeapSnapshot=true, pageLoadStrategy=normal, databaseEnabled=false, handlesAlerts=true, hasTouchScreen=false, version=55.0.2883.95, platform=MAC, browserConnectionEnabled=false, nativeEvents=true, acceptSslCerts=true, locationContextEnabled=true, webStorageEnabled=true, browserName=chrome, takesScreenshot=true, javascriptEnabled=true, cssSelectorsEnabled=true, unexpectedAlertBehaviour=}]
Session ID: f0c29a874c978bbc208f429e688faa9b
*** Element info: {Using=css selector, value=#credentials_table_postheader>font>font}]]>
            </message>
            <full-stacktrace>
              <![CDATA[org.openqa.selenium.NoSuchElementException: no such element: Unable to locate element: {"method":"css selector","selector":"#credentials_table_postheader>font>font"}
  (Session info: chrome=55.0.2883.95)
  (Driver info: chromedriver=2.27.440174 (e97a722caafc2d3a8b807ee115bfb307f7d2cfd9),platform=Mac OS X 10.10.5 x86_64) (WARNING: The server did not provide any stacktrace information)
Command duration or timeout: 10.03 seconds
For documentation on this error, please visit: http://seleniumhq.org/exceptions/no_such_element.html
Build info: version: '3.0.1', revision: '1969d75', time: '2016-10-18 09:49:13 -0700'
System info: host: 'ahmads-MacBook-Air.local', ip: '192.168.0.18', os.name: 'Mac OS X', os.arch: 'x86_64', os.version: '10.10.5', java.version: '1.8.0_111'
Driver info: org.openqa.selenium.chrome.ChromeDriver
Capabilities [{applicationCacheEnabled=false, rotatable=false, mobileEmulationEnabled=false, networkConnectionEnabled=false, chrome={chromedriverVersion=2.27.440174 (e97a722caafc2d3a8b807ee115bfb307f7d2cfd9), userDataDir=/var/folders/yy/qb0fh7ls2l57jkmx4qw0mgx00000gn/T/.org.chromium.Chromium.puNjt3}, takesHeapSnapshot=true, pageLoadStrategy=normal, databaseEnabled=false, handlesAlerts=true, hasTouchScreen=false, version=55.0.2883.95, platform=MAC, browserConnectionEnabled=false, nativeEvents=true, acceptSslCerts=true, locationContextEnabled=true, webStorageEnabled=true, browserName=chrome, takesScreenshot=true, javascriptEnabled=true, cssSelectorsEnabled=true, unexpectedAlertBehaviour=}]
Session ID: f0c29a874c978bbc208f429e688faa9b
*** Element info: {Using=css selector, value=#credentials_table_postheader>font>font}
	at sun.reflect.NativeConstructorAccessorImpl.newInstance0(Native Method)
	at sun.reflect.NativeConstructorAccessorImpl.newInstance(NativeConstructorAccessorImpl.java:62)
	at sun.reflect.DelegatingConstructorAccessorImpl.newInstance(DelegatingConstructorAccessorImpl.java:45)
	at java.lang.reflect.Constructor.newInstance(Constructor.java:423)
	at org.openqa.selenium.remote.ErrorHandler.createThrowable(ErrorHandler.java:216)
	at org.openqa.selenium.remote.ErrorHandler.throwIfResponseFailed(ErrorHandler.java:168)
	at org.openqa.selenium.remote.RemoteWebDriver.execute(RemoteWebDriver.java:635)
	at org.openqa.selenium.remote.RemoteWebDriver.findElement(RemoteWebDriver.java:368)
	at org.openqa.selenium.remote.RemoteWebDriver.findElementByCssSelector(RemoteWebDriver.java:465)
	at org.openqa.selenium.By$ByCssSelector.findElement(By.java:430)
	at org.openqa.selenium.remote.RemoteWebDriver.findElement(RemoteWebDriver.java:360)
	at HomePage.TestMemberLogin.IncorrectMemberLoginWithWrongInfo(TestMemberLogin.java:53)
	at sun.reflect.NativeMethodAccessorImpl.invoke0(Native Method)
	at sun.reflect.NativeMethodAccessorImpl.invoke(NativeMethodAccessorImpl.java:62)
	at sun.reflect.DelegatingMethodAccessorImpl.invoke(DelegatingMethodAccessorImpl.java:43)
	at java.lang.reflect.Method.invoke(Method.java:498)
	at org.testng.internal.MethodInvocationHelper.invokeMethod(MethodInvocationHelper.java:104)
	at org.testng.internal.Invoker.invokeMethod(Invoker.java:645)
	at org.testng.internal.Invoker.invokeTestMethod(Invoker.java:851)
	at org.testng.internal.Invoker.invokeTestMethods(Invoker.java:1177)
	at org.testng.internal.TestMethodWorker.invokeTestMethods(TestMethodWorker.java:129)
	at org.testng.internal.TestMethodWorker.run(TestMethodWorker.java:112)
	at org.testng.TestRunner.privateRun(TestRunner.java:756)
	at org.testng.TestRunner.run(TestRunner.java:610)
	at org.testng.SuiteRunner.runTest(SuiteRunner.java:387)
	at org.testng.SuiteRunner.access$000(SuiteRunner.java:39)
	at org.testng.SuiteRunner$SuiteWorker.run(SuiteRunner.java:421)
	at org.testng.internal.thread.ThreadUtil$2.call(ThreadUtil.java:64)
	at java.util.concurrent.FutureTask.run(FutureTask.java:266)
	at java.util.concurrent.ThreadPoolExecutor.runWorker(ThreadPoolExecutor.java:1142)
	at java.util.concurrent.ThreadPoolExecutor$Worker.run(ThreadPoolExecutor.java:617)
	at java.lang.Thread.run(Thread.java:745)
]]>
            </full-stacktrace>
          </exception> <!-- org.openqa.selenium.NoSuchElementException -->
          <reporter-output>
          </reporter-output>
        </test-method> <!-- IncorrectMemberLoginWithWrongInfo -->
        <test-method status="PASS" signature="tearDown()[pri:0, instance:HomePage.TestMemberLogin@4157f54e]" name="tearDown" is-config="true" duration-ms="110" started-at="2017-01-15T03:41:27Z" finished-at="2017-01-15T03:41:28Z">
          <reporter-output>
          </reporter-output>
        </test-method> <!-- tearDown -->
      </class> <!-- HomePage.TestMemberLogin -->
      <class name="HomePage.TestHomePage">
        <test-method status="PASS" signature="setUp(java.lang.String)[pri:0, instance:HomePage.TestHomePage@327471b5]" name="setUp" is-config="true" duration-ms="6685" started-at="2017-01-15T03:40:28Z" finished-at="2017-01-15T03:40:35Z">
          <params>
            <param index="0">
              <value>
                <![CDATA[http://www.metroplus.org]]>
              </value>
            </param>
          </params>
          <reporter-output>
          </reporter-output>
        </test-method> <!-- setUp -->
        <test-method status="PASS" signature="testHomePageTittle()[pri:0, instance:HomePage.TestHomePage@327471b5]" name="testHomePageTittle" duration-ms="77" started-at="2017-01-15T03:40:35Z" finished-at="2017-01-15T03:40:35Z">
          <reporter-output>
          </reporter-output>
        </test-method> <!-- testHomePageTittle -->
        <test-method status="PASS" signature="tearDown()[pri:0, instance:HomePage.TestHomePage@327471b5]" name="tearDown" is-config="true" duration-ms="113" started-at="2017-01-15T03:40:35Z" finished-at="2017-01-15T03:40:35Z">
          <reporter-output>
          </reporter-output>
        </test-method> <!-- tearDown -->
      </class> <!-- HomePage.TestHomePage -->
    </test> <!-- Metroplus Website Test -->
  </suite> <!-- MetroPlus Website Test -->
</testng-results>
